<?xml version="1.0" encoding="UTF-8"?>
<!-- Generated by org.testng.reporters.JUnitReportReporter -->
<testsuite hostname="LAPTOP-O4FKA3ST" failures="0" tests="2" name="test.satish" time="0.004" errors="0" timestamp="22 Jan 2022 13:51:45 GMT" skipped="0">
  <testcase classname="test.satish" name="tese12323" time="0.001"/>
  <testcase classname="test.satish" name="tese123" time="0.003"/>
</testsuite> <!-- test.satish -->
