<?xml version="1.0" encoding="UTF-8"?>
<!-- Generated by org.testng.reporters.JUnitReportReporter -->
<testsuite hostname="LAPTOP-O4FKA3ST" failures="0" tests="2" name="test.BrowserInitilization" time="12.573" errors="0" timestamp="23 Jan 2022 05:36:03 GMT" skipped="0">
  <testcase classname="test.BrowserInitilization" name="launchBrowser" time="6.288"/>
  <testcase classname="test.BrowserInitilization" name="TestMethod" time="6.285"/>
</testsuite> <!-- test.BrowserInitilization -->
