<?xml version="1.0" encoding="UTF-8"?>
<!-- Generated by org.testng.reporters.JUnitReportReporter -->
<testsuite hostname="LAPTOP-O4FKA3ST" failures="0" tests="1" name="test.Test" time="0.008" errors="0" timestamp="22 Jan 2022 07:27:42 GMT" skipped="0">
  <testcase classname="test.Test" name="test" time="0.008"/>
</testsuite> <!-- test.Test -->
